<?xml version="1.0" encoding="UTF-8"?>
<!-- Generated by org.testng.reporters.JUnitReportReporter -->
<testsuite hostname="DESKTOP-6L8EOMF" name="com.smart.auto.AutowireTest" tests="1" failures="0" timestamp="24 Nov 2017 05:17:21 GMT" time="0.630" errors="0">
  <testcase name="testAutoByName" time="0.630" classname="com.smart.auto.AutowireTest"/>
</testsuite> <!-- com.smart.auto.AutowireTest -->
