<?xml version="1.0" encoding="UTF-8"?>
<!-- Generated by org.testng.reporters.JUnitReportReporter -->
<testsuite hostname="DESKTOP-6L8EOMF" name="com.smart.injectfun.InjectFunTest" tests="2" failures="0" timestamp="24 Nov 2017 05:17:21 GMT" time="0.808" errors="0">
  <testcase name="testLookup" time="0.397" classname="com.smart.injectfun.InjectFunTest"/>
  <testcase name="testReplace" time="0.411" classname="com.smart.injectfun.InjectFunTest"/>
</testsuite> <!-- com.smart.injectfun.InjectFunTest -->
