<?xml version="1.0" encoding="UTF-8"?>
<!-- Generated by org.testng.reporters.JUnitReportReporter -->
<testsuite hostname="DESKTOP-6L8EOMF" name="com.smart.tagdepend.TagDependTest" tests="2" failures="0" timestamp="24 Nov 2017 05:17:21 GMT" time="0.262" errors="0">
  <testcase name="testInheritTag" time="0.077" classname="com.smart.tagdepend.TagDependTest"/>
  <testcase name="testReferenceTag" time="0.185" classname="com.smart.tagdepend.TagDependTest"/>
</testsuite> <!-- com.smart.tagdepend.TagDependTest -->
