<?xml version="1.0" encoding="UTF-8"?>
<!-- Generated by org.testng.reporters.JUnitReportReporter -->
<testsuite hostname="DESKTOP-6L8EOMF" name="com.smart.anno.MyComponentTest" tests="1" failures="0" timestamp="24 Nov 2017 05:17:21 GMT" time="0.000" errors="0">
  <testcase name="load" time="0.000" classname="com.smart.anno.MyComponentTest"/>
</testsuite> <!-- com.smart.anno.MyComponentTest -->
