<?xml version="1.0" encoding="UTF-8"?>
<!-- Generated by org.testng.reporters.JUnitReportReporter -->
<testsuite hostname="DESKTOP-6L8EOMF" name="com.smart.simple.BeanRetrieveTest" tests="1" failures="0" timestamp="24 Nov 2017 05:17:21 GMT" time="0.002" errors="0">
  <testcase name="testBeanRetrieve" time="0.002" classname="com.smart.simple.BeanRetrieveTest"/>
</testsuite> <!-- com.smart.simple.BeanRetrieveTest -->
