<?xml version="1.0" encoding="UTF-8"?>
<!-- Generated by org.testng.reporters.JUnitReportReporter -->
<testsuite hostname="DESKTOP-6L8EOMF" name="com.smart.attr.ParentContainerBeanTest" tests="1" failures="0" timestamp="24 Nov 2017 05:17:21 GMT" time="0.080" errors="0">
  <testcase name="parent" time="0.080" classname="com.smart.attr.ParentContainerBeanTest"/>
</testsuite> <!-- com.smart.attr.ParentContainerBeanTest -->
