<?xml version="1.0" encoding="UTF-8"?>
<!-- Generated by org.testng.reporters.JUnitReportReporter -->
<testsuite hostname="DESKTOP-6L8EOMF" name="com.smart.ditype.DiTypeTest" tests="7" failures="0" timestamp="24 Nov 2017 05:17:21 GMT" time="0.008" errors="0">
  <testcase name="testCar" time="0.000" classname="com.smart.ditype.DiTypeTest"/>
  <testcase name="testCar4" time="0.000" classname="com.smart.ditype.DiTypeTest"/>
  <testcase name="testBoss" time="0.000" classname="com.smart.ditype.DiTypeTest"/>
  <testcase name="testCar6" time="0.000" classname="com.smart.ditype.DiTypeTest"/>
  <testcase name="testCar1" time="0.007" classname="com.smart.ditype.DiTypeTest"/>
  <testcase name="testCar3" time="0.001" classname="com.smart.ditype.DiTypeTest"/>
  <testcase name="testCar5" time="0.000" classname="com.smart.ditype.DiTypeTest"/>
</testsuite> <!-- com.smart.ditype.DiTypeTest -->
