<?xml version="1.0" encoding="UTF-8"?>
<!-- Generated by org.testng.reporters.JUnitReportReporter -->
<testsuite hostname="DESKTOP-6L8EOMF" name="com.smart.groovy.LogonServiceTest" tests="1" failures="0" timestamp="24 Nov 2017 05:17:21 GMT" time="1.913" errors="0">
  <testcase name="getBean" time="1.913" classname="com.smart.groovy.LogonServiceTest"/>
</testsuite> <!-- com.smart.groovy.LogonServiceTest -->
