<?xml version="1.0" encoding="UTF-8"?>
<!-- Generated by org.testng.reporters.JUnitReportReporter -->
<testsuite hostname="DESKTOP-6L8EOMF" name="com.smart.anno.AnnoAutowireTest" tests="1" failures="0" timestamp="24 Nov 2017 05:17:21 GMT" time="1.231" errors="0">
  <testcase name="testAutoByName" time="1.231" classname="com.smart.anno.AnnoAutowireTest"/>
</testsuite> <!-- com.smart.anno.AnnoAutowireTest -->
