<?xml version="1.0" encoding="UTF-8"?>
<!-- Generated by org.testng.reporters.JUnitReportReporter -->
<testsuite hostname="DESKTOP-6L8EOMF" name="com.smart.scope.ScopeTest" tests="2" failures="0" timestamp="24 Nov 2017 05:17:21 GMT" time="0.004" errors="0">
  <testcase name="testGetBean" time="0.004" classname="com.smart.scope.ScopeTest"/>
  <testcase name="testInject" time="0.000" classname="com.smart.scope.ScopeTest"/>
</testsuite> <!-- com.smart.scope.ScopeTest -->
