<?xml version="1.0" encoding="UTF-8"?>
<!-- Generated by org.testng.reporters.JUnitReportReporter -->
<testsuite hostname="DESKTOP-6L8EOMF" name="com.smart.fb.FactoryBeanTest" tests="4" failures="0" timestamp="24 Nov 2017 05:17:21 GMT" time="0.027" errors="0">
  <testcase name="testCollFactoryBean" time="0.005" classname="com.smart.fb.FactoryBeanTest"/>
  <testcase name="testPropPathFactoryBean" time="0.009" classname="com.smart.fb.FactoryBeanTest"/>
  <testcase name="testFieldFactoryBean" time="0.007" classname="com.smart.fb.FactoryBeanTest"/>
  <testcase name="testCarFactoryBean" time="0.006" classname="com.smart.fb.FactoryBeanTest"/>
</testsuite> <!-- com.smart.fb.FactoryBeanTest -->
