<?xml version="1.0" encoding="UTF-8"?>
<!-- Generated by org.testng.reporters.JUnitReportReporter -->
<testsuite hostname="DESKTOP-6L8EOMF" name="com.smart.dynamic.CustomSchemaTest" tests="1" failures="0" timestamp="24 Nov 2017 05:17:21 GMT" time="0.000" errors="0">
  <testcase name="registerBean" time="0.000" classname="com.smart.dynamic.CustomSchemaTest"/>
</testsuite> <!-- com.smart.dynamic.CustomSchemaTest -->
